[0m16:11:04.084896 [debug] [MainThread]: Sending event: {'category': 'dbt', 'action': 'invocation', 'label': 'start', 'context': [<snowplow_tracker.self_describing_json.SelfDescribingJson object at 0x00000190DCAD6780>, <snowplow_tracker.self_describing_json.SelfDescribingJson object at 0x00000190DF5C2330>, <snowplow_tracker.self_describing_json.SelfDescribingJson object at 0x00000190DF5C2C00>]}


============================== 16:11:04.108569 | 9993ba31-0a0a-48ea-b9f1-99a985db2c2c ==============================
[0m16:11:04.108569 [info ] [MainThread]: Running with dbt=1.9.0
[0m16:11:04.114988 [debug] [MainThread]: running dbt with arguments {'printer_width': '80', 'indirect_selection': 'eager', 'log_cache_events': 'False', 'write_json': 'True', 'partial_parse': 'True', 'cache_selected_only': 'False', 'profiles_dir': 'C:\\Users\\shree\\.dbt', 'fail_fast': 'False', 'debug': 'False', 'log_path': 'logs', 'warn_error': 'None', 'version_check': 'True', 'use_colors': 'True', 'use_experimental_parser': 'False', 'no_print': 'None', 'quiet': 'False', 'empty': 'None', 'warn_error_options': 'WarnErrorOptions(include=[], exclude=[])', 'introspect': 'True', 'static_parser': 'True', 'log_format': 'default', 'target_path': 'None', 'invocation_command': 'dbt init my-dbt-proj', 'send_anonymous_usage_stats': 'True'}
[0m16:11:17.793573 [debug] [MainThread]: Starter project path: C:\Users\shree\AppData\Local\Programs\Python\Python312\Lib\site-packages\dbt\include\starter_project
[0m16:11:17.928245 [info ] [MainThread]: 
Your new dbt project "my_dbt_proj" was created!

For more information on how to configure the profiles.yml file,
please consult the dbt documentation here:

  https://docs.getdbt.com/docs/configure-your-profile

One more thing:

Need help? Don't hesitate to reach out to us via GitHub issues or on Slack:

  https://community.getdbt.com/

Happy modeling!

[0m16:11:17.933029 [info ] [MainThread]: Setting up your profile.
[0m16:14:15.615659 [info ] [MainThread]: Profile my_dbt_proj written to C:\Users\shree\.dbt\profiles.yml using target's profile_template.yml and your supplied values. Run 'dbt debug' to validate the connection.
[0m16:14:15.623957 [debug] [MainThread]: Command `dbt init` succeeded at 16:14:15.623957 after 192.18 seconds
[0m16:14:15.623957 [debug] [MainThread]: Sending event: {'category': 'dbt', 'action': 'invocation', 'label': 'end', 'context': [<snowplow_tracker.self_describing_json.SelfDescribingJson object at 0x00000190DF6FC7D0>, <snowplow_tracker.self_describing_json.SelfDescribingJson object at 0x00000190E13A7E00>, <snowplow_tracker.self_describing_json.SelfDescribingJson object at 0x00000190E167FBC0>]}
[0m16:14:15.623957 [debug] [MainThread]: Flushing usage events
[0m16:14:16.978635 [debug] [MainThread]: An error was encountered while trying to flush usage events
